Using pre-set license
Built from '2020.3/staging' branch; Version is '2020.3.19f1 (68f137dc9bbe) revision 6877495'; Using compiler version '192528614'; Build Type 'Release'
OS: 'Windows 10 Pro; OS build 19043.1526; Version 2009; 64bit' Language: 'pl' Physical Memory: 16341 MB
BatchMode: 1, IsHumanControllingUs: 0, StartBugReporterOnCrash: 0, Is64bit: 1, IsPro: 0

COMMAND LINE ARGUMENTS:
C:\Program Files\Unity\Hub\Editor\2020.3.19f1\Editor\Unity.exe
-adb2
-batchMode
-noUpm
-name
AssetImportWorker0
-projectPath
C:/Kreatywne/Unity/amazeing/amazeing
-logFile
Logs/AssetImportWorker0.log
-srvPort
52166
Successfully changed project path to: C:/Kreatywne/Unity/amazeing/amazeing
C:/Kreatywne/Unity/amazeing/amazeing
Using Asset Import Pipeline V2.
Refreshing native plugins compatible for Editor in 1129.86 ms, found 4 plugins.
Preloading 0 native plugins for Editor in 0.00 ms.
Initialize engine version: 2020.3.19f1 (68f137dc9bbe)
[Subsystems] Discovering subsystems at path C:/Program Files/Unity/Hub/Editor/2020.3.19f1/Editor/Data/Resources/UnitySubsystems
[Subsystems] Discovering subsystems at path C:/Kreatywne/Unity/amazeing/amazeing/Assets
GfxDevice: creating device client; threaded=0
Direct3D:
    Version:  Direct3D 11.0 [level 11.1]
    Renderer: NVIDIA GeForce GTX 1050 Ti (ID=0x1c82)
    Vendor:   
    VRAM:     4018 MB
    Driver:   30.0.15.1123
Initialize mono
Mono path[0] = 'C:/Program Files/Unity/Hub/Editor/2020.3.19f1/Editor/Data/Managed'
Mono path[1] = 'C:/Program Files/Unity/Hub/Editor/2020.3.19f1/Editor/Data/MonoBleedingEdge/lib/mono/unityjit'
Mono config path = 'C:/Program Files/Unity/Hub/Editor/2020.3.19f1/Editor/Data/MonoBleedingEdge/etc'
Using monoOptions --debugger-agent=transport=dt_socket,embedding=1,server=y,suspend=n,address=127.0.0.1:56780
Begin MonoManager ReloadAssembly
Registering precompiled unity dll's ...
Register platform support module: C:/Program Files/Unity/Hub/Editor/2020.3.19f1/Editor/Data/PlaybackEngines/WebGLSupport/UnityEditor.WebGL.Extensions.dll
Register platform support module: C:/Program Files/Unity/Hub/Editor/2020.3.19f1/Editor/Data/PlaybackEngines/WindowsStandaloneSupport/UnityEditor.WindowsStandalone.Extensions.dll
Registered in 0.012395 seconds.
Native extension for WindowsStandalone target not found
Native extension for WebGL target not found
Refreshing native plugins compatible for Editor in 182.05 ms, found 4 plugins.
Preloading 0 native plugins for Editor in 0.00 ms.
Mono: successfully reloaded assembly
- Completed reload, in 17.572 seconds
Domain Reload Profiling:
	ReloadAssembly (17573ms)
		BeginReloadAssembly (81ms)
			ExecutionOrderSort (0ms)
			DisableScriptedObjects (0ms)
			BackupInstance (0ms)
			ReleaseScriptingObjects (0ms)
			CreateAndSetChildDomain (1ms)
		EndReloadAssembly (883ms)
			LoadAssemblies (77ms)
			RebuildTransferFunctionScriptingTraits (0ms)
			SetupTypeCache (276ms)
			ReleaseScriptCaches (0ms)
			RebuildScriptCaches (46ms)
			SetupLoadedEditorAssemblies (401ms)
				LogAssemblyErrors (0ms)
				InitializePlatformSupportModulesInManaged (8ms)
				SetLoadedEditorAssemblies (0ms)
				RefreshPlugins (182ms)
				BeforeProcessingInitializeOnLoad (28ms)
				ProcessInitializeOnLoadAttributes (138ms)
				ProcessInitializeOnLoadMethodAttributes (44ms)
				AfterProcessingInitializeOnLoad (0ms)
				EditorAssembliesLoaded (1ms)
			ExecutionOrderSort2 (0ms)
			AwakeInstancesAfterBackupRestoration (0ms)
Platform modules already initialized, skipping
Registering precompiled user dll's ...
Registered in 0.012189 seconds.
Required property 'name' not set (Packages/com.unity.2d.common/Runtime/InternalBridge/InternalBridgeDef.asmdef)
Required property 'name' not set (Packages/com.unity.2d.psdimporter/Editor/PSDPlugin/PsdPlugin.asmdef)
Required property 'name' not set (Packages/com.unity.2d.animation/Tests/Editor/Unity.2D.Animation.EditorTests.asmdef)
Required property 'name' not set (Packages/com.unity.2d.animation/IK/Editor/Unity.2D.IK.Editor.asmdef)
Required property 'name' not set (Packages/com.unity.2d.animation/IK/Runtime/Unity.2D.IK.Runtime.asmdef)
Required property 'name' not set (Packages/com.unity.2d.common/Tests/Editor/Unity.2D.Common.EditorTests.asmdef)
Required property 'name' not set (Packages/com.unity.2d.animation/Runtime/Triangle/Unity.2D.Animation.Triangle.Runtime.asmdef)
Required property 'name' not set (Packages/com.unity.2d.psdimporter/Tests/EditorTests/Unity.2D.Psdimporter.EditorTests.asmdef)
Required property 'name' not set (Packages/com.unity.2d.common/Editor/Unity.2D.Common.Editor.asmdef)
Required property 'name' not set (Packages/com.unity.2d.animation/Editor/Unity.2D.Animation.Editor.asmdef)
Required property 'name' not set (Packages/com.unity.2d.psdimporter/Editor/Unity.2D.Psdimporter.Editor.asmdef)
Required property 'name' not set (Packages/com.unity.2d.common/Editor/InternalBridge/InternalBridgeDef.asmdef)
Required property 'name' not set (Packages/com.unity.2d.animation/Runtime/Unity.2D.Animation.Runtime.asmdef)
Required property 'name' not set (Packages/com.unity.2d.common/Runtime/Unity.2D.Common.Runtime.asmdef)
Required property 'name' not set (Packages/com.unity.2d.common/Runtime/InternalBridge/InternalBridgeDef.asmdef)
Required property 'name' not set (Packages/com.unity.2d.psdimporter/Editor/PSDPlugin/PsdPlugin.asmdef)
Required property 'name' not set (Packages/com.unity.2d.animation/Tests/Editor/Unity.2D.Animation.EditorTests.asmdef)
Required property 'name' not set (Packages/com.unity.2d.animation/IK/Editor/Unity.2D.IK.Editor.asmdef)
Required property 'name' not set (Packages/com.unity.2d.animation/IK/Runtime/Unity.2D.IK.Runtime.asmdef)
Required property 'name' not set (Packages/com.unity.2d.common/Tests/Editor/Unity.2D.Common.EditorTests.asmdef)
Required property 'name' not set (Packages/com.unity.2d.animation/Runtime/Triangle/Unity.2D.Animation.Triangle.Runtime.asmdef)
Required property 'name' not set (Packages/com.unity.2d.psdimporter/Tests/EditorTests/Unity.2D.Psdimporter.EditorTests.asmdef)
Required property 'name' not set (Packages/com.unity.2d.common/Editor/Unity.2D.Common.Editor.asmdef)
Required property 'name' not set (Packages/com.unity.2d.animation/Editor/Unity.2D.Animation.Editor.asmdef)
Required property 'name' not set (Packages/com.unity.2d.psdimporter/Editor/Unity.2D.Psdimporter.Editor.asmdef)
Required property 'name' not set (Packages/com.unity.2d.common/Editor/InternalBridge/InternalBridgeDef.asmdef)
Required property 'name' not set (Packages/com.unity.2d.animation/Runtime/Unity.2D.Animation.Runtime.asmdef)
Required property 'name' not set (Packages/com.unity.2d.common/Runtime/Unity.2D.Common.Runtime.asmdef)
Begin MonoManager ReloadAssembly
Symbol file LoadedFromMemory is not a mono symbol file
Error: Could not load signature of Unity.UI.Builder.BuilderTextShadow:.ctor due to: Could not resolve type with token 010000e9 (from typeref, class/assembly UnityEngine.UIElements.StyleTextShadow, UnityEngine.UIElementsModule, Version=1.0.0.0, Culture=neutral, PublicKeyToken=null) assembly:UnityEngine.UIElementsModule, Version=1.0.0.0, Culture=neutral, PublicKeyToken=null type:UnityEngine.UIElements.StyleTextShadow member:(null) signature:<none>
0x00007ff7e91378dc (Unity) StackWalker::GetCurrentCallstack
0x00007ff7e913ff79 (Unity) StackWalker::ShowCallstack
0x00007ff7ea663ddc (Unity) GetStacktrace
0x00007ff7eb792ee3 (Unity) DebugStringToFile
0x00007ff7e8f4c99b (Unity) ScanForAttributesAndInterfaceImplementations
0x00007ff7e8f6d813 (Unity) MonoManager::SetupTypeCache
0x00007ff7e8f640a3 (Unity) MonoManager::EndReloadAssembly
0x00007ff7e8f6b3c7 (Unity) MonoManager::ReloadAssembly
0x00007ff7ea35e561 (Unity) LoadDomainAndUserAssemblies
0x00007ff7ea35ea0e (Unity) LoadUserAssemblies
0x00007ff7e9cc55b1 (Unity) Application::InitializeProject
0x00007ff7ea671342 (Unity) WinMain
0x00007ff7ec4c69b6 (Unity) __scrt_common_main_seh
0x00007ff96e497034 (KERNEL32) BaseThreadInitThunk
0x00007ff96eb82651 (ntdll) RtlUserThreadStart

