Using pre-set license
Built from '2020.2/release' branch; Version is '2020.2.0f1 (3721df5a8b28) revision 3613151'; Using compiler version '192528614'; Build Type 'Release'
OS: 'Windows 10  (10.0.0) 64bit' Language: 'pl' Physical Memory: 16341 MB
BatchMode: 1, IsHumanControllingUs: 0, StartBugReporterOnCrash: 0, Is64bit: 1, IsPro: 0

 COMMAND LINE ARGUMENTS:
C:\Program Files\Unity\Hub\Editor\2020.2.0f1\Editor\Unity.exe
-adb2
-batchMode
-noUpm
-name
AssetImportWorker0
-projectPath
C:/Kreatywne/Unity/amazeing/amazeing
-logFile
Logs/AssetImportWorker0.log
-srvPort
57624
Successfully changed project path to: C:/Kreatywne/Unity/amazeing/amazeing
C:/Kreatywne/Unity/amazeing/amazeing
Using Asset Import Pipeline V2.
Refreshing native plugins compatible for Editor in 1916.23 ms, found 1 plugins.
Preloading 0 native plugins for Editor in 0.00 ms.
Initialize engine version: 2020.2.0f1 (3721df5a8b28)
[Subsystems] Discovering subsystems at path C:/Program Files/Unity/Hub/Editor/2020.2.0f1/Editor/Data/Resources/UnitySubsystems
[Subsystems] Discovering subsystems at path C:/Kreatywne/Unity/amazeing/amazeing/Assets
GfxDevice: creating device client; threaded=0
Direct3D:
    Version:  Direct3D 11.0 [level 11.1]
    Renderer: NVIDIA GeForce GTX 1050 Ti (ID=0x1c82)
    Vendor:   
    VRAM:     4018 MB
    Driver:   27.21.14.6140
Initialize mono
Mono path[0] = 'C:/Program Files/Unity/Hub/Editor/2020.2.0f1/Editor/Data/Managed'
Mono path[1] = 'C:/Program Files/Unity/Hub/Editor/2020.2.0f1/Editor/Data/MonoBleedingEdge/lib/mono/unityjit'
Mono config path = 'C:/Program Files/Unity/Hub/Editor/2020.2.0f1/Editor/Data/MonoBleedingEdge/etc'
Using monoOptions --debugger-agent=transport=dt_socket,embedding=1,server=y,suspend=n,address=127.0.0.1:56612
Begin MonoManager ReloadAssembly
Registering precompiled unity dll's ...
Register platform support module: C:/Program Files/Unity/Hub/Editor/2020.2.0f1/Editor/Data/PlaybackEngines/WebGLSupport/UnityEditor.WebGL.Extensions.dll
Register platform support module: C:/Program Files/Unity/Hub/Editor/2020.2.0f1/Editor/Data/PlaybackEngines/WindowsStandaloneSupport/UnityEditor.WindowsStandalone.Extensions.dll
Registered in 0.011958 seconds.
Native extension for WindowsStandalone target not found
Native extension for WebGL target not found
Refreshing native plugins compatible for Editor in 138.91 ms, found 1 plugins.
Preloading 0 native plugins for Editor in 0.00 ms.
Invoked RoslynAnalysisRunner static constructor.
RoslynAnalysisRunner will not be running.
RoslynAnalysisRunner has terminated.
Mono: successfully reloaded assembly
- Completed reload, in 17.801 seconds
Platform modules already initialized, skipping
Registering precompiled user dll's ...
Registered in 0.013188 seconds.
Begin MonoManager ReloadAssembly
Symbol file LoadedFromMemory is not a mono symbol file
Error: Could not load signature of UnityEngine.UIElements.DynamicAtlasSettings:get_activeFilters due to: Could not resolve type with token 0100001a (from typeref, class/assembly UnityEngine.UIElements.DynamicAtlasFilters, UnityEngine.UIElementsModule, Version=1.0.0.0, Culture=neutral, PublicKeyToken=null) assembly:UnityEngine.UIElementsModule, Version=1.0.0.0, Culture=neutral, PublicKeyToken=null type:UnityEngine.UIElements.DynamicAtlasFilters member:(null) signature:<none>
0x00007ff732ab8c8c (Unity) StackWalker::GetCurrentCallstack
0x00007ff732ac1069 (Unity) StackWalker::ShowCallstack
0x00007ff733f9564c (Unity) GetStacktrace
0x00007ff735053a93 (Unity) DebugStringToFile
0x00007ff7328df87b (Unity) ScanForAttributesAndInterfaceImplementations
0x00007ff7328f2fba (Unity) MonoManager::EndReloadAssembly
0x00007ff7328fa339 (Unity) MonoManager::ReloadAssembly
0x00007ff733ca43a1 (Unity) LoadDomainAndUserAssemblies
0x00007ff733ca484e (Unity) LoadUserAssemblies
0x00007ff73362d736 (Unity) Application::InitializeProject
0x00007ff733fa2be2 (Unity) WinMain
0x00007ff735de8256 (Unity) __scrt_common_main_seh
0x00007ffac54d7034 (KERNEL32) BaseThreadInitThunk
0x00007ffac66dd241 (ntdll) RtlUserThreadStart

Error: Could not load signature of Unity.Android.Logcat.AndroidLogcat:.ctor due to: Could not load file or assembly 'UnityEditor.Android.Extensions, Version=1.0.0.0, Culture=neutral, PublicKeyToken=null' or one of its dependencies. assembly:UnityEditor.Android.Extensions, Version=1.0.0.0, Culture=neutral, PublicKeyToken=null type:<unknown type> member:(null) signature:<none>
0x00007ff732ab8c8c (Unity) StackWalker::GetCurrentCallstack
0x00007ff732ac1069 (Unity) StackWalker::ShowCallstack
0x00007ff733f9564c (Unity) GetStacktrace
0x00007ff735053a93 (Unity) DebugStringToFile
0x00007ff7328df87b (Unity) ScanForAttributesAndInterfaceImplementations
0x00007ff7328f2fba (Unity) MonoManager::EndReloadAssembly
0x00007ff7328fa339 (Unity) MonoManager::ReloadAssembly
0x00007ff733ca43a1 (Unity) LoadDomainAndUserAssemblies
0x00007ff733ca484e (Unity) LoadUserAssemblies
0x00007ff73362d736 (Unity) Application::InitializeProject
0x00007ff733fa2be2 (Unity) WinMain
0x00007ff735de8256 (Unity) __scrt_common_main_seh
0x00007ffac54d7034 (KERNEL32) BaseThreadInitThunk
0x00007ffac66dd241 (ntdll) RtlUserThreadStart

Error: Could not load signature of UnityEditor.UIElements.LiveReloadTrackerCreator:CreateVisualTreeAssetTrackerInstance due to: Could not resolve type with token 01000016 (from typeref, class/assembly UnityEngine.UIElements.ILiveReloadAssetTracker`1, UnityEngine.UIElementsModule, Version=1.0.0.0, Culture=neutral, PublicKeyToken=null) assembly:UnityEngine.UIElementsModule, Version=1.0.0.0, Culture=neutral, PublicKeyToken=null type:UnityEngine.UIElements.ILiveReloadAssetTracker`1 member:(null) signature:<none>
0x00007ff732ab8c8c (Unity) StackWalker::GetCurrentCallstack
0x00007ff732ac1069 (Unity) StackWalker::ShowCallstack
0x00007ff733f9564c (Unity) GetStacktrace
0x00007ff735053a93 (Unity) DebugStringToFile
0x00007ff7328df87b (Unity) ScanForAttributesAndInterfaceImplementations
0x00007ff7328f2fba (Unity) MonoManager::EndReloadAssembly
0x00007ff7328fa339 (Unity) MonoManager::ReloadAssembly
0x00007ff733ca43a1 (Unity) LoadDomainAndUserAssemblies
0x00007ff733ca484e (Unity) LoadUserAssemblies
0x00007ff73362d736 (Unity) Application::InitializeProject
0x00007ff733fa2be2 (Unity) WinMain
0x00007ff735de8256 (Unity) __scrt_common_main_seh
0x00007ffac54d7034 (KERNEL32) BaseThreadInitThunk
0x00007ffac66dd241 (ntdll) RtlUserThreadStart

The scripted importer 'UIElementsViewImporter' attempted to register file type '.uxml', which is handled by a native Unity importer. Registration rejected.
0x00007ff732ab8c8c (Unity) StackWalker::GetCurrentCallstack
0x00007ff732ac1069 (Unity) StackWalker::ShowCallstack
0x00007ff733f9564c (Unity) GetStacktrace
0x00007ff735053a93 (Unity) DebugStringToFile
0x00007ff734052b0d (Unity) AssetDatabase::RegisterScriptedImporter
0x00007ff733674e33 (Unity) AssetImporterBindings::RegisterImporter
0x00007ff7347a892b (Unity) AssetImporter_CUSTOM_RegisterImporter
0x0000017120844e8b (Mono JIT Code) (wrapper managed-to-native) UnityEditor.AssetImporter:RegisterImporter (System.Type,int,int,string,bool,bool,bool)
0x000001712082267b (Mono JIT Code) UnityEditor.AssetImporters.ScriptedImporter:RegisterScriptedImporters ()
0x00000171207cac4d (Mono JIT Code) (wrapper runtime-invoke) object:runtime_invoke_void (object,intptr,intptr,intptr)
0x00007ffa382fe0c0 (mono-2.0-bdwgc) [mini-runtime.c:2812] mono_jit_runtime_invoke 
0x00007ffa38282902 (mono-2.0-bdwgc) [object.c:2921] do_runtime_invoke 
0x00007ffa3828b95f (mono-2.0-bdwgc) [object.c:2968] mono_runtime_invoke 
0x00007ff732935d94 (Unity) scripting_method_invoke
0x00007ff73292e585 (Unity) ScriptingInvocation::Invoke
0x00007ff7341e7600 (Unity) ScriptedImporter::RegisterImporters
0x00007ff7328f2fc0 (Unity) MonoManager::EndReloadAssembly
0x00007ff7328fa339 (Unity) MonoManager::ReloadAssembly
0x00007ff733ca43a1 (Unity) LoadDomainAndUserAssemblies
0x00007ff733ca484e (Unity) LoadUserAssemblies
0x00007ff73362d736 (Unity) Application::InitializeProject
0x00007ff733fa2be2 (Unity) WinMain
0x00007ff735de8256 (Unity) __scrt_common_main_seh
0x00007ffac54d7034 (KERNEL32) BaseThreadInitThunk
0x00007ffac66dd241 (ntdll) RtlUserThreadStart

The scripted importer 'StyleSheetImporter' attempted to register file type '.uss', which is handled by a native Unity importer. Registration rejected.
0x00007ff732ab8c8c (Unity) StackWalker::GetCurrentCallstack
0x00007ff732ac1069 (Unity) StackWalker::ShowCallstack
0x00007ff733f9564c (Unity) GetStacktrace
0x00007ff735053a93 (Unity) DebugStringToFile
0x00007ff734052b0d (Unity) AssetDatabase::RegisterScriptedImporter
0x00007ff733674e33 (Unity) AssetImporterBindings::RegisterImporter
0x00007ff7347a892b (Unity) AssetImporter_CUSTOM_RegisterImporter
0x0000017120844e8b (Mono JIT Code) (wrapper managed-to-native) UnityEditor.AssetImporter:RegisterImporter (System.Type,int,int,string,bool,bool,bool)
0x000001712082267b (Mono JIT Code) UnityEditor.AssetImporters.ScriptedImporter:RegisterScriptedImporters ()
0x00000171207cac4d (Mono JIT Code) (wrapper runtime-invoke) object:runtime_invoke_void (object,intptr,intptr,intptr)
0x00007ffa382fe0c0 (mono-2.0-bdwgc) [mini-runtime.c:2812] mono_jit_runtime_invoke 
0x00007ffa38282902 (mono-2.0-bdwgc) [object.c:2921] do_runtime_invoke 
0x00007ffa3828b95f (mono-2.0-bdwgc) [object.c:2968] mono_runtime_invoke 
0x00007ff732935d94 (Unity) scripting_method_invoke
0x00007ff73292e585 (Unity) ScriptingInvocation::Invoke
0x00007ff7341e7600 (Unity) ScriptedImporter::RegisterImporters
0x00007ff7328f2fc0 (Unity) MonoManager::EndReloadAssembly
0x00007ff7328fa339 (Unity) MonoManager::ReloadAssembly
0x00007ff733ca43a1 (Unity) LoadDomainAndUserAssemblies
0x00007ff733ca484e (Unity) LoadUserAssemblies
0x00007ff73362d736 (Unity) Application::InitializeProject
0x00007ff733fa2be2 (Unity) WinMain
0x00007ff735de8256 (Unity) __scrt_common_main_seh
0x00007ffac54d7034 (KERNEL32) BaseThreadInitThunk
0x00007ffac66dd241 (ntdll) RtlUserThreadStart

The scripted importer 'ThemeStyleSheetImporter' attempted to register file type '.tss', which is handled by a native Unity importer. Registration rejected.
0x00007ff732ab8c8c (Unity) StackWalker::GetCurrentCallstack
0x00007ff732ac1069 (Unity) StackWalker::ShowCallstack
0x00007ff733f9564c (Unity) GetStacktrace
0x00007ff735053a93 (Unity) DebugStringToFile
0x00007ff734052b0d (Unity) AssetDatabase::RegisterScriptedImporter
0x00007ff733674e33 (Unity) AssetImporterBindings::RegisterImporter
0x00007ff7347a892b (Unity) AssetImporter_CUSTOM_RegisterImporter
0x0000017120844e8b (Mono JIT Code) (wrapper managed-to-native) UnityEditor.AssetImporter:RegisterImporter (System.Type,int,int,string,bool,bool,bool)
0x000001712082267b (Mono JIT Code) UnityEditor.AssetImporters.ScriptedImporter:RegisterScriptedImporters ()
0x00000171207cac4d (Mono JIT Code) (wrapper runtime-invoke) object:runtime_invoke_void (object,intptr,intptr,intptr)
0x00007ffa382fe0c0 (mono-2.0-bdwgc) [mini-runtime.c:2812] mono_jit_runtime_invoke 
0x00007ffa38282902 (mono-2.0-bdwgc) [object.c:2921] do_runtime_invoke 
0x00007ffa3828b95f (mono-2.0-bdwgc) [object.c:2968] mono_runtime_invoke 
0x00007ff732935d94 (Unity) scripting_method_invoke
0x00007ff73292e585 (Unity) ScriptingInvocation::Invoke
0x00007ff7341e7600 (Unity) ScriptedImporter::RegisterImporters
0x00007ff7328f2fc0 (Unity) MonoManager::EndReloadAssembly
0x00007ff7328fa339 (Unity) MonoManager::ReloadAssembly
0x00007ff733ca43a1 (Unity) LoadDomainAndUserAssemblies
0x00007ff733ca484e (Unity) LoadUserAssemblies
0x00007ff73362d736 (Unity) Application::InitializeProject
0x00007ff733fa2be2 (Unity) WinMain
0x00007ff735de8256 (Unity) __scrt_common_main_seh
0x00007ffac54d7034 (KERNEL32) BaseThreadInitThunk
0x00007ffac66dd241 (ntdll) RtlUserThreadStart

ArgumentException: An item with the same key has already been added. Key: UnityEditor.UIElements.EditorAtlasMonitorInjector
Parameter name: key
  at System.Collections.Generic.SortedList`2[TKey,TValue].Add (TKey key, TValue value) [0x00041] in <aa976c2104104b7ca9e1785715722c9d>:0 
  at UnityEditor.AssetPostprocessingInternal.GetTextureProcessorsHashString () [0x000a2] in <fac3a832ec4249a49c4da1051848dde5>:0 
UnityEngine.DebugLogHandler:Internal_LogException(Exception, Object)
UnityEngine.DebugLogHandler:LogException(Exception, Object)
UnityEngine.Logger:LogException(Exception, Object)
UnityEngine.Debug:LogException(Exception)
UnityEditor.AssetPostprocessingInternal:GetTextureProcessorsHashString()

Unloading broken assembly Library/ScriptAssemblies/UnityEngine.UIElementsGameObjectsModule.dll, this assembly can cause crashes in the runtime
0x00007ff732ab8c8c (Unity) StackWalker::GetCurrentCallstack
0x00007ff732ac1069 (Unity) StackWalker::ShowCallstack
0x00007ff733f9564c (Unity) GetStacktrace
0x00007ff735053a93 (Unity) DebugStringToFile
0x00007ff7328fbf10 (Unity) MonoManager::SetupLoadedEditorAssemblies
0x00007ff7328f330c (Unity) MonoManager::EndReloadAssembly
0x00007ff7328fa339 (Unity) MonoManager::ReloadAssembly
0x00007ff733ca43a1 (Unity) LoadDomainAndUserAssemblies
0x00007ff733ca484e (Unity) LoadUserAssemblies
0x00007ff73362d736 (Unity) Application::InitializeProject
0x00007ff733fa2be2 (Unity) WinMain
0x00007ff735de8256 (Unity) __scrt_common_main_seh
0x00007ffac54d7034 (KERNEL32) BaseThreadInitThunk
0x00007ffac66dd241 (ntdll) RtlUserThreadStart

Unloading broken assembly Library/ScriptAssemblies/Unity.Mobile.AndroidLogcat.Editor.dll, this assembly can cause crashes in the runtime
0x00007ff732ab8c8c (Unity) StackWalker::GetCurrentCallstack
0x00007ff732ac1069 (Unity) StackWalker::ShowCallstack
0x00007ff733f9564c (Unity) GetStacktrace
0x00007ff735053a93 (Unity) DebugStringToFile
0x00007ff7328fbf10 (Unity) MonoManager::SetupLoadedEditorAssemblies
0x00007ff7328f330c (Unity) MonoManager::EndReloadAssembly
0x00007ff7328fa339 (Unity) MonoManager::ReloadAssembly
0x00007ff733ca43a1 (Unity) LoadDomainAndUserAssemblies
0x00007ff733ca484e (Unity) LoadUserAssemblies
0x00007ff73362d736 (Unity) Application::InitializeProject
0x00007ff733fa2be2 (Unity) WinMain
0x00007ff735de8256 (Unity) __scrt_common_main_seh
0x00007ffac54d7034 (KERNEL32) BaseThreadInitThunk
0x00007ffac66dd241 (ntdll) RtlUserThreadStart

Unloading broken assembly Library/ScriptAssemblies/UnityEditor.UIElementsGameObjectsModule.dll, this assembly can cause crashes in the runtime
0x00007ff732ab8c8c (Unity) StackWalker::GetCurrentCallstack
0x00007ff732ac1069 (Unity) StackWalker::ShowCallstack
0x00007ff733f9564c (Unity) GetStacktrace
0x00007ff735053a93 (Unity) DebugStringToFile
0x00007ff7328fbf10 (Unity) MonoManager::SetupLoadedEditorAssemblies
0x00007ff7328f330c (Unity) MonoManager::EndReloadAssembly
0x00007ff7328fa339 (Unity) MonoManager::ReloadAssembly
0x00007ff733ca43a1 (Unity) LoadDomainAndUserAssemblies
0x00007ff733ca484e (Unity) LoadUserAssemblies
0x00007ff73362d736 (Unity) Application::InitializeProject
0x00007ff733fa2be2 (Unity) WinMain
0x00007ff735de8256 (Unity) __scrt_common_main_seh
0x00007ffac54d7034 (KERNEL32) BaseThreadInitThunk
0x00007ffac66dd241 (ntdll) RtlUserThreadStart

Unloading broken assembly Library/ScriptAssemblies/Unity.UIElements.Text.dll, this assembly can cause crashes in the runtime
0x00007ff732ab8c8c (Unity) StackWalker::GetCurrentCallstack
0x00007ff732ac1069 (Unity) StackWalker::ShowCallstack
0x00007ff733f9564c (Unity) GetStacktrace
0x00007ff735053a93 (Unity) DebugStringToFile
0x00007ff7328fbf10 (Unity) MonoManager::SetupLoadedEditorAssemblies
0x00007ff7328f330c (Unity) MonoManager::EndReloadAssembly
0x00007ff7328fa339 (Unity) MonoManager::ReloadAssembly
0x00007ff733ca43a1 (Unity) LoadDomainAndUserAssemblies
0x00007ff733ca484e (Unity) LoadUserAssemblies
0x00007ff73362d736 (Unity) Application::InitializeProject
0x00007ff733fa2be2 (Unity) WinMain
0x00007ff735de8256 (Unity) __scrt_common_main_seh
0x00007ffac54d7034 (KERNEL32) BaseThreadInitThunk
0x00007ffac66dd241 (ntdll) RtlUserThreadStart

Native extension for WindowsStandalone target not found
Native extension for WebGL target not found
Refreshing native plugins compatible for Editor in 108.97 ms, found 1 plugins.
Preloading 0 native plugins for Editor in 0.00 ms.
ASSEMBLY OVERRIDE applied for Unity assembly UnityEngine.UIElementsModule.dll (override path Library/ScriptAssemblies/UnityEngine.UIElementsModule.dll)
ASSEMBLY OVERRIDE applied for Unity assembly UnityEditor.UIElementsModule.dll (override path Library/ScriptAssemblies/UnityEditor.UIElementsModule.dll)
Invoked RoslynAnalysisRunner static constructor.
RoslynAnalysisRunner will not be running.
RoslynAnalysisRunner has terminated.
MissingFieldException: Field 'UnityEngine.UIElements.TextDelegates.ImportDefaultTextSettings' not found.


MissingFieldException: Field 'UnityEngine.UIElements.UIDocument.IsEditorPlaying' not found.


TypeLoadException: Could not resolve type with token 01000016 (from typeref, class/assembly UnityEngine.UIElements.ILiveReloadAssetTracker`1, UnityEngine.UIElementsModule, Version=1.0.0.0, Culture=neutral, PublicKeyToken=null)


UnityException: The MakeClientFunc has already been registered. Registration denied.
  at UnityEngine.UIElements.DragAndDropUtility.RegisterMakeClientFunc (System.Func`1[TResult] makeClient) [0x00017] in <3cdf672c21b849dea215f9c9aff21f77>:0 
  at UnityEditor.UIElements.EditorDragAndDrop.RegisterEditorClient () [0x0000a] in <e020ad89c1af43769f98694c4076cf19>:0 

ASSEMBLY OVERRIDE applied for Unity assembly UnityEngine.UIElementsModule.dll (override path Library/ScriptAssemblies/UnityEngine.UIElementsModule.dll)
ASSEMBLY OVERRIDE applied for Unity assembly UnityEditor.UIElementsModule.dll (override path Library/ScriptAssemblies/UnityEditor.UIElementsModule.dll)
Mono: successfully reloaded assembly
- Completed reload, in  2.104 seconds
Platform modules already initialized, skipping
