
=== Tue Dec 22 10:26:56 2020

Packages were changed.
Update Mode: mergeDefaultDependencies

The following packages were added:
  com.unity.collab-proxy@1.3.9
  com.unity.ide.visualstudio@2.0.3
  com.unity.modules.ai@1.0.0
  com.unity.modules.cloth@1.0.0
  com.unity.modules.director@1.0.0
  com.unity.modules.physics@1.0.0
  com.unity.modules.terrain@1.0.0
  com.unity.modules.terrainphysics@1.0.0
  com.unity.modules.umbra@1.0.0
  com.unity.modules.vehicles@1.0.0
  com.unity.modules.vr@1.0.0
  com.unity.modules.wind@1.0.0
  com.unity.modules.xr@1.0.0
  com.unity.timeline@1.3.6
The following packages were updated:
  com.unity.2d.animation from version 3.2.6 to 4.2.6
  com.unity.2d.pixel-perfect from version 2.0.4 to 3.0.2
  com.unity.2d.psdimporter from version 2.1.6 to 3.1.6
  com.unity.2d.spriteshape from version 3.0.14 to 4.1.4
  com.unity.ide.rider from version 1.1.4 to 1.2.1
  com.unity.textmeshpro from version 2.1.3 to 3.0.1

=== Tue Dec 22 14:20:31 2020

Packages were changed.
Update Mode: updateDependencies

The following packages were updated:
  com.unity.2d.animation from version 4.2.6 to 5.0.3
  com.unity.2d.pixel-perfect from version 3.0.2 to 4.0.1
  com.unity.2d.psdimporter from version 3.1.6 to 4.0.2
  com.unity.2d.spriteshape from version 4.1.4 to 5.1.0
  com.unity.ads from version 3.5.0 to 3.5.2
  com.unity.ide.rider from version 1.2.1 to 2.0.7
  com.unity.mobile.notifications from version 1.0.3 to 1.3.2

=== Wed Nov 17 21:39:49 2021

Packages were changed.
Update Mode: updateDependencies

The following packages were updated:
  com.unity.2d.animation from version 5.0.4 to 5.0.6
  com.unity.2d.psdimporter from version 4.0.2 to 4.1.0
  com.unity.2d.spriteshape from version 5.1.1 to 5.1.4
  com.unity.ads from version 3.5.2 to 3.7.5
  com.unity.collab-proxy from version 1.3.9 to 1.9.0
  com.unity.ide.visualstudio from version 2.0.7 to 2.0.11
  com.unity.ide.vscode from version 1.2.3 to 1.2.4
  com.unity.mobile.android-logcat from version 1.2.1 to 1.2.3
  com.unity.mobile.notifications from version 1.3.2 to 1.4.2
  com.unity.test-framework from version 1.1.22 to 1.1.29
  com.unity.textmeshpro from version 3.0.3 to 3.0.6
  com.unity.timeline from version 1.4.6 to 1.4.8
The following packages were removed:
  com.unity.2d.ik@3.0.2-preview.3
